[debug] [2026-03-01T23:48:46.276Z] ----------------------------------------------------------------------
[debug] [2026-03-01T23:48:46.277Z] Command:       /opt/homebrew/Cellar/node/25.6.1_1/bin/node /usr/local/bin/firebase dataconnect:sdk:generate --project=mychampions-fb928 --service=mychampions-fb928-service --location=us-east4
[debug] [2026-03-01T23:48:46.278Z] CLI Version:   15.1.0
[debug] [2026-03-01T23:48:46.278Z] Platform:      darwin
[debug] [2026-03-01T23:48:46.278Z] Node Version:  v25.6.1
[debug] [2026-03-01T23:48:46.278Z] Time:          Sun Mar 01 2026 20:48:46 GMT-0300 (Brasilia Standard Time)
[debug] [2026-03-01T23:48:46.278Z] ----------------------------------------------------------------------
[debug] 
[debug] [2026-03-01T23:48:47.204Z] TypeError [ERR_INVALID_ARG_TYPE]: The "path" argument must be of type string. Received undefined
    at Object.join (node:path:1339:7)
    at /usr/local/lib/node_modules/firebase-tools/lib/dataconnect/load.js:47:32
    at Array.map (<anonymous>)
    at load (/usr/local/lib/node_modules/firebase-tools/lib/dataconnect/load.js:46:51)
    at async Promise.all (index 0)
    at async loadAll (/usr/local/lib/node_modules/firebase-tools/lib/dataconnect/load.js:38:12)
    at async pickServices (/usr/local/lib/node_modules/firebase-tools/lib/dataconnect/load.js:22:26)
    at async loadAllWithSDKs (/usr/local/lib/node_modules/firebase-tools/lib/commands/dataconnect-sdk-generate.js:75:26)
    at async Command.actionFn (/usr/local/lib/node_modules/firebase-tools/lib/commands/dataconnect-sdk-generate.js:51:32)
[error] 
[error] Error: An unexpected error has occurred.
